#
# There is insufficient memory for the Java Runtime Environment to continue.
# Native memory allocation (malloc) failed to allocate 32744 bytes for ChunkPool::allocate
# Possible reasons:
#   The system is out of physical RAM or swap space
#   In 32 bit mode, the process size limit was hit
# Possible solutions:
#   Reduce memory load on the system
#   Increase physical memory or swap space
#   Check if swap backing store is full
#   Use 64 bit Java on a 64 bit OS
#   Decrease Java heap size (-Xmx/-Xms)
#   Decrease number of Java threads
#   Decrease Java thread stack sizes (-Xss)
#   Set larger code cache with -XX:ReservedCodeCacheSize=
# This output file may be truncated or incomplete.
#
#  Out of Memory Error (allocation.cpp:273), pid=45972, tid=0x000000000000b08c
#
# JRE version: OpenJDK Runtime Environment (8.0) (build 1.8.0-adoptopenjdk-_2018_05_19_00_59-b00)
# Java VM: OpenJDK 64-Bit Server VM (25.71-b00 mixed mode windows-amd64 compressed oops)
# Failed to write core dump. Minidumps are not enabled by default on client versions of Windows
#

---------------  T H R E A D  ---------------

Current thread (0x00000000035c4000):  JavaThread "main" [_thread_in_vm, id=45196, stack(0x00000000030d0000,0x00000000031d0000)]

Stack: [0x00000000030d0000,0x00000000031d0000]
[error occurred during error reporting (printing stack bounds), id 0xc0000005]

Native frames: (J=compiled Java code, j=interpreted, Vv=VM code, C=native code)

Java frames: (J=compiled Java code, j=interpreted, Vv=VM code)
j  sun.misc.Unsafe.defineAnonymousClass(Ljava/lang/Class;[B[Ljava/lang/Object;)Ljava/lang/Class;+0
j  java.lang.invoke.InvokerBytecodeGenerator.loadAndInitializeInvokerClass([B[Ljava/lang/Object;)Ljava/lang/Class;+8
j  java.lang.invoke.InvokerBytecodeGenerator.loadMethod([B)Ljava/lang/invoke/MemberName;+6
j  java.lang.invoke.InvokerBytecodeGenerator.generateCustomizedCode(Ljava/lang/invoke/LambdaForm;Ljava/lang/invoke/MethodType;)Ljava/lang/invoke/MemberName;+17
j  java.lang.invoke.LambdaForm.compileToBytecode()Ljava/lang/invoke/MemberName;+65
j  java.lang.invoke.DirectMethodHandle.makePreparedLambdaForm(Ljava/lang/invoke/MethodType;I)Ljava/lang/invoke/LambdaForm;+713
j  java.lang.invoke.DirectMethodHandle.preparedLambdaForm(Ljava/lang/invoke/MethodType;I)Ljava/lang/invoke/LambdaForm;+17
j  java.lang.invoke.DirectMethodHandle.preparedLambdaForm(Ljava/lang/invoke/MemberName;)Ljava/lang/invoke/LambdaForm;+151
j  java.lang.invoke.DirectMethodHandle.make(BLjava/lang/Class;Ljava/lang/invoke/MemberName;)Ljava/lang/invoke/DirectMethodHandle;+137
j  java.lang.invoke.MethodHandles$Lookup.getDirectMethodCommon(BLjava/lang/Class;Ljava/lang/invoke/MemberName;ZZLjava/lang/Class;)Ljava/lang/invoke/MethodHandle;+201
j  java.lang.invoke.MethodHandles$Lookup.getDirectMethod(BLjava/lang/Class;Ljava/lang/invoke/MemberName;Ljava/lang/Class;)Ljava/lang/invoke/MethodHandle;+8
j  java.lang.invoke.MethodHandles$Lookup.findStatic(Ljava/lang/Class;Ljava/lang/String;Ljava/lang/invoke/MethodType;)Ljava/lang/invoke/MethodHandle;+23
j  java.lang.invoke.MethodHandleImpl.findCollector(Ljava/lang/String;ILjava/lang/Class;[Ljava/lang/Class;)Ljava/lang/invoke/MethodHandle;+23
j  java.lang.invoke.MethodHandleImpl.makeFillArrays()[Ljava/lang/invoke/MethodHandle;+36
j  java.lang.invoke.MethodHandleImpl.access$100()[Ljava/lang/invoke/MethodHandle;+0
j  java.lang.invoke.MethodHandleImpl$Lazy.<clinit>()V+11
v  ~StubRoutines::call_stub
j  java.lang.invoke.MethodHandleImpl.varargsArray(I)Ljava/lang/invoke/MethodHandle;+0
j  java.lang.invoke.MethodHandleImpl.varargsArray(Ljava/lang/Class;I)Ljava/lang/invoke/MethodHandle;+121
j  java.lang.invoke.MethodHandle.asCollector(Ljava/lang/Class;I)Ljava/lang/invoke/MethodHandle;+36
j  java.lang.invoke.MethodHandleImpl$AsVarargsCollector.<init>(Ljava/lang/invoke/MethodType;Ljava/lang/invoke/MethodHandle;Ljava/lang/Class;)V+20
j  java.lang.invoke.MethodHandleImpl$AsVarargsCollector.<init>(Ljava/lang/invoke/MethodHandle;Ljava/lang/Class;)V+7
j  java.lang.invoke.MethodHandleImpl.makeVarargsCollector(Ljava/lang/invoke/MethodHandle;Ljava/lang/Class;)Ljava/lang/invoke/MethodHandle;+43
j  java.lang.invoke.MethodHandle.setVarargs(Ljava/lang/invoke/MemberName;)Ljava/lang/invoke/MethodHandle;+26
j  java.lang.invoke.MethodHandles$Lookup.getDirectMethodCommon(BLjava/lang/Class;Ljava/lang/invoke/MemberName;ZZLjava/lang/Class;)Ljava/lang/invoke/MethodHandle;+263
j  java.lang.invoke.MethodHandles$Lookup.getDirectMethod(BLjava/lang/Class;Ljava/lang/invoke/MemberName;Ljava/lang/Class;)Ljava/lang/invoke/MethodHandle;+8
j  java.lang.invoke.MethodHandles$Lookup.findStatic(Ljava/lang/Class;Ljava/lang/String;Ljava/lang/invoke/MethodType;)Ljava/lang/invoke/MethodHandle;+23
j  java.lang.invoke.CallSite.<clinit>()V+35
v  ~StubRoutines::call_stub
j  java.lang.invoke.MethodHandleNatives.linkCallSiteImpl(Ljava/lang/Class;Ljava/lang/invoke/MethodHandle;Ljava/lang/String;Ljava/lang/invoke/MethodType;Ljava/lang/Object;[Ljava/lang/Object;)Ljava/lang/invoke/MemberName;+6
j  java.lang.invoke.MethodHandleNatives.linkCallSite(Ljava/lang/Object;Ljava/lang/Object;Ljava/lang/Object;Ljava/lang/Object;Ljava/lang/Object;[Ljava/lang/Object;)Ljava/lang/invoke/MemberName;+45
v  ~StubRoutines::call_stub
j  org.gradle.api.internal.classpath.DefaultModuleRegistry.<clinit>()V+0
v  ~StubRoutines::call_stub
j  org.gradle.launcher.bootstrap.ProcessBootstrap.runNoExit(Ljava/lang/String;[Ljava/lang/String;)V+14
j  org.gradle.launcher.bootstrap.ProcessBootstrap.run(Ljava/lang/String;[Ljava/lang/String;)V+3
j  org.gradle.launcher.GradleMain.main([Ljava/lang/String;)V+36
v  ~StubRoutines::call_stub

---------------  P R O C E S S  ---------------

Java Threads: ( => current thread )
  0x000000001ea2c000 JavaThread "Service Thread" daemon [_thread_blocked, id=16312, stack(0x000000001f2d0000,0x000000001f3d0000)]
  0x000000001cf7e000 JavaThread "C1 CompilerThread2" daemon [_thread_in_native, id=45856, stack(0x000000001f1d0000,0x000000001f2d0000)]
  0x000000001cf7c000 JavaThread "C2 CompilerThread1" daemon [_thread_blocked, id=45580, stack(0x000000001f0d0000,0x000000001f1d0000)]
  0x000000001cf7a800 JavaThread "C2 CompilerThread0" daemon [_thread_in_native, id=45876, stack(0x000000001efd0000,0x000000001f0d0000)]
  0x000000001cf76000 JavaThread "Attach Listener" daemon [_thread_blocked, id=45820, stack(0x000000001eed0000,0x000000001efd0000)]
  0x000000001ea13800 JavaThread "Signal Dispatcher" daemon [_thread_blocked, id=45732, stack(0x000000001edd0000,0x000000001eed0000)]
  0x000000001cf50000 JavaThread "Finalizer" daemon [_thread_blocked, id=45592, stack(0x000000001e7d0000,0x000000001e8d0000)]
  0x000000001cf29800 JavaThread "Reference Handler" daemon [_thread_blocked, id=45540, stack(0x000000001e6d0000,0x000000001e7d0000)]
=>0x00000000035c4000 JavaThread "main" [_thread_in_vm, id=45196, stack(0x00000000030d0000,0x00000000031d0000)]

Other Threads:
  0x000000001cf25800 VMThread [stack: 0x000000001e5d0000,0x000000001e6d0000] [id=45756]
  0x000000001eab2800 WatcherThread [stack: 0x000000001f3d0000,0x000000001f4d0000] [id=45084]

VM state:not at safepoint (normal execution)

VM Mutex/Monitor currently owned by a thread: None

Heap:
 PSYoungGen      total 76288K, used 3932K [0x000000076b180000, 0x0000000770680000, 0x00000007c0000000)
  eden space 65536K, 6% used [0x000000076b180000,0x000000076b557158,0x000000076f180000)
  from space 10752K, 0% used [0x000000076fc00000,0x000000076fc00000,0x0000000770680000)
  to   space 10752K, 0% used [0x000000076f180000,0x000000076f180000,0x000000076fc00000)
 ParOldGen       total 175104K, used 0K [0x00000006c1400000, 0x00000006cbf00000, 0x000000076b180000)
  object space 175104K, 0% used [0x00000006c1400000,0x00000006c1400000,0x00000006cbf00000)
 Metaspace       used 3739K, capacity 4708K, committed 4864K, reserved 1056768K
  class space    used 401K, capacity 478K, committed 512K, reserved 1048576K

Card table byte_map: [0x0000000012a80000,0x0000000013280000] byte_map_base: 0x000000000f476000

Marking Bits: (ParMarkBitMap*) 0x0000000057debe50
 Begin Bits: [0x0000000013dd0000, 0x0000000017d80000)
 End Bits:   [0x0000000017d80000, 0x000000001bd30000)

Polling page: 0x00000000031d0000

CodeCache: size=245760Kb used=1307Kb max_used=1307Kb free=244452Kb
 bounds [0x00000000036c0000, 0x0000000003930000, 0x00000000126c0000]
 total_blobs=426 nmethods=170 adapters=170
 compilation: enabled

Compilation events (10 events):
Event: 0.108 Thread 0x000000001cf7e000  157       3       java.lang.invoke.MethodType::checkPtype (19 bytes)
Event: 0.108 Thread 0x000000001cf7e000 nmethod 157 0x0000000003802ed0 code [0x0000000003803060, 0x0000000003803438]
Event: 0.108 Thread 0x000000001cf7e000  155       3       java.lang.invoke.LambdaForm::argument (27 bytes)
Event: 0.109 Thread 0x000000001cf7e000 nmethod 155 0x00000000038035d0 code [0x0000000003803760, 0x0000000003803ae8]
Event: 0.109 Thread 0x000000001cf7e000  159       3       java.util.Collections$UnmodifiableCollection$1::hasNext (10 bytes)
Event: 0.109 Thread 0x000000001cf7e000 nmethod 159 0x0000000003803cd0 code [0x0000000003803e40, 0x0000000003804068]
Event: 0.109 Thread 0x000000001cf7e000  161       3       java.lang.invoke.MemberName::getMethodOrFieldType (72 bytes)
Event: 0.109 Thread 0x000000001cf7e000 nmethod 161 0x0000000003804590 code [0x0000000003804880, 0x0000000003805f68]
Event: 0.109 Thread 0x000000001cf7e000  164       3       jdk.internal.org.objectweb.asm.Frame::execute (2252 bytes)
Event: 0.111 Thread 0x000000001cf7a800  178       4       jdk.internal.org.objectweb.asm.ByteVector::putUTF8 (142 bytes)

GC Heap History (0 events):
No events

Deoptimization events (0 events):
No events

Classes redefined (0 events):
No events

Internal exceptions (3 events):
Event: 0.021 Thread 0x00000000035c4000 Exception <a 'java/lang/NoSuchMethodError': Method sun.misc.Unsafe.defineClass(Ljava/lang/String;[BII)Ljava/lang/Class; name or signature does not match> (0x000000076b187cb0) thrown at [C:\Users\jenkins\workspace\openjdk8_build_x86-64_windows\openjdk\hots
Event: 0.021 Thread 0x00000000035c4000 Exception <a 'java/lang/NoSuchMethodError': Method sun.misc.Unsafe.prefetchRead(Ljava/lang/Object;J)V name or signature does not match> (0x000000076b187f98) thrown at [C:\Users\jenkins\workspace\openjdk8_build_x86-64_windows\openjdk\hotspot\src\share\vm\p
Event: 0.111 Thread 0x00000000035c4000 Exception <a 'java/lang/NoSuchFieldError': method resolution failed> (0x000000076b4c9b00) thrown at [C:\Users\jenkins\workspace\openjdk8_build_x86-64_windows\openjdk\hotspot\src\share\vm\prims\methodHandles.cpp, line 1167]

Events (10 events):
Event: 0.103 loading class java/lang/invoke/WrongMethodTypeException
Event: 0.103 loading class java/lang/invoke/WrongMethodTypeException done
Event: 0.104 loading class java/lang/invoke/MethodHandleImpl$Lazy
Event: 0.104 loading class java/lang/invoke/MethodHandleImpl$Lazy done
Event: 0.105 loading class java/lang/invoke/MethodHandleImpl$IntrinsicMethodHandle
Event: 0.105 loading class java/lang/invoke/MethodHandleImpl$IntrinsicMethodHandle done
Event: 0.111 loading class java/lang/NoSuchFieldError
Event: 0.111 loading class java/lang/NoSuchFieldError done
Event: 0.111 loading class java/lang/IllegalAccessException
Event: 0.111 loading class java/lang/IllegalAccessException done


Dynamic libraries:
0x00007ff64d480000 - 0x00007ff64d4b5000 	C:\Program Files\Unity\Hub\Editor\2021.3.0f1\Editor\Data\PlaybackEngines\AndroidPlayer\OpenJDK\bin\java.exe
0x00007ffb23910000 - 0x00007ffb23b05000 	C:\WINDOWS\SYSTEM32\ntdll.dll
0x00007ffb22160000 - 0x00007ffb2221e000 	C:\WINDOWS\System32\KERNEL32.DLL
0x00007ffb21200000 - 0x00007ffb214c8000 	C:\WINDOWS\System32\KERNELBASE.dll
0x00007ffb21f40000 - 0x00007ffb21fee000 	C:\WINDOWS\System32\ADVAPI32.dll
0x00007ffb223c0000 - 0x00007ffb2245e000 	C:\WINDOWS\System32\msvcrt.dll
0x00007ffb21e10000 - 0x00007ffb21eac000 	C:\WINDOWS\System32\sechost.dll
0x00007ffb231e0000 - 0x00007ffb23305000 	C:\WINDOWS\System32\RPCRT4.dll
0x00007ffb22220000 - 0x00007ffb223c0000 	C:\WINDOWS\System32\USER32.dll
0x00007ffb21100000 - 0x00007ffb21122000 	C:\WINDOWS\System32\win32u.dll
0x00007ffb22130000 - 0x00007ffb2215b000 	C:\WINDOWS\System32\GDI32.dll
0x00007ffb216e0000 - 0x00007ffb217eb000 	C:\WINDOWS\System32\gdi32full.dll
0x00007ffb21130000 - 0x00007ffb211cd000 	C:\WINDOWS\System32\msvcp_win.dll
0x00007ffb217f0000 - 0x00007ffb218f0000 	C:\WINDOWS\System32\ucrtbase.dll
0x00007ffaf70e0000 - 0x00007ffaf737a000 	C:\WINDOWS\WinSxS\amd64_microsoft.windows.common-controls_6595b64144ccf1df_6.0.19041.1110_none_60b5254171f9507e\COMCTL32.dll
0x00007ffb21eb0000 - 0x00007ffb21ee0000 	C:\WINDOWS\System32\IMM32.DLL
0x0000000057e70000 - 0x0000000057f42000 	C:\Program Files\Unity\Hub\Editor\2021.3.0f1\Editor\Data\PlaybackEngines\AndroidPlayer\OpenJDK\jre\bin\msvcr100.dll
0x0000000057620000 - 0x0000000057e69000 	C:\Program Files\Unity\Hub\Editor\2021.3.0f1\Editor\Data\PlaybackEngines\AndroidPlayer\OpenJDK\jre\bin\server\jvm.dll
0x00007ffb224d0000 - 0x00007ffb224d8000 	C:\WINDOWS\System32\PSAPI.DLL
0x00007ffb0ac00000 - 0x00007ffb0ac09000 	C:\WINDOWS\SYSTEM32\WSOCK32.dll
0x00007ffb12c70000 - 0x00007ffb12c97000 	C:\WINDOWS\SYSTEM32\WINMM.dll
0x00007ffb18ea0000 - 0x00007ffb18eaa000 	C:\WINDOWS\SYSTEM32\VERSION.dll
0x00007ffb224e0000 - 0x00007ffb2254b000 	C:\WINDOWS\System32\WS2_32.dll
0x00007ffb1caf0000 - 0x00007ffb1caff000 	C:\Program Files\Unity\Hub\Editor\2021.3.0f1\Editor\Data\PlaybackEngines\AndroidPlayer\OpenJDK\jre\bin\verify.dll
0x00007ffae3250000 - 0x00007ffae3279000 	C:\Program Files\Unity\Hub\Editor\2021.3.0f1\Editor\Data\PlaybackEngines\AndroidPlayer\OpenJDK\jre\bin\java.dll
0x00007ffaf3ad0000 - 0x00007ffaf3ae6000 	C:\Program Files\Unity\Hub\Editor\2021.3.0f1\Editor\Data\PlaybackEngines\AndroidPlayer\OpenJDK\jre\bin\zip.dll
0x00007ffb22550000 - 0x00007ffb22c94000 	C:\WINDOWS\System32\SHELL32.dll
0x00007ffb1f110000 - 0x00007ffb1f8a4000 	C:\WINDOWS\SYSTEM32\windows.storage.dll
0x00007ffb22e00000 - 0x00007ffb23154000 	C:\WINDOWS\System32\combase.dll
0x00007ffb20a60000 - 0x00007ffb20a8c000 	C:\WINDOWS\SYSTEM32\Wldp.dll
0x00007ffb22ca0000 - 0x00007ffb22d4d000 	C:\WINDOWS\System32\SHCORE.dll
0x00007ffb22470000 - 0x00007ffb224c5000 	C:\WINDOWS\System32\shlwapi.dll
0x00007ffb20f40000 - 0x00007ffb20f5f000 	C:\WINDOWS\SYSTEM32\profapi.dll

VM Arguments:
jvm_args: -Dfile.encoding=UTF-8 
java_command: org.gradle.launcher.GradleMain -Dorg.gradle.jvmargs=-Xmx4096m --stop
java_class_path (initial): C:\Program Files\Unity\Hub\Editor\2021.3.0f1\Editor\Data\PlaybackEngines\AndroidPlayer\Tools\gradle\lib\gradle-launcher-6.1.1.jar
Launcher Type: SUN_STANDARD

Environment Variables:
JAVA_HOME=C:\Program Files\Unity\Hub\Editor\2021.3.0f1\Editor\Data\PlaybackEngines\AndroidPlayer\OpenJDK
JAVA_TOOL_OPTIONS=-Dfile.encoding=UTF-8
USERNAME=vgame
OS=Windows_NT
PROCESSOR_IDENTIFIER=Intel64 Family 6 Model 158 Stepping 10, GenuineIntel



---------------  S Y S T E M  ---------------

OS: Windows 10.0 , 64 bit Build 19041 (10.0.19041.1566)

CPU:total 6 (initial active 6) (6 cores per cpu, 1 threads per core) family 6 model 158 stepping 10, cmov, cx8, fxsr, mmx, sse, sse2, sse3, ssse3, sse4.1, sse4.2, popcnt, avx, avx2, clmul, erms, 3dnowpref, lzcnt, tsc, tscinvbit, bmi1, bmi2, adx

Memory: 4k page, physical 16693232k(2530860k free), swap 25081840k(5136k free)

vm_info: OpenJDK 64-Bit Server VM (25.71-b00) for windows-amd64 JRE (1.8.0-adoptopenjdk-_2018_05_19_00_59-b00), built on May 19 2018 01:02:12 by "jenkins" with MS VC++ 10.0 (VS2010)

time: Wed Apr 13 22:26:09 2022
elapsed time: 0 seconds (0d 0h 0m 0s)

